<?xml version="1.0" encoding="UTF-8"?>
<!-- Generated by org.testng.reporters.JUnitReportReporter -->
<testsuite skipped="0" hostname="rsaiclvam053" name="Tests.LoginPageWorkflows.LoginPageScenarioTests" tests="2" failures="0" timestamp="04 Dec 2019 11:48:26 GMT" time="33.346" errors="0">
  <testcase name="ValidateLoginFunctionalityTest" time="2.582" classname="Tests.LoginPageWorkflows.LoginPageScenarioTests"/>
  <testcase name="ValidateLoginFunctionalityTest" time="30.764" classname="Tests.LoginPageWorkflows.LoginPageScenarioTests"/>
</testsuite> <!-- Tests.LoginPageWorkflows.LoginPageScenarioTests -->
